Log file open, 01/16/19 16:54:05
LogWindows: Failed to load 'aqProf.dll' (GetLastError=126)
LogWindows: File 'aqProf.dll' does not exist
LogWindows: Failed to load 'VtuneApi.dll' (GetLastError=126)
LogWindows: File 'VtuneApi.dll' does not exist
LogWindows: Failed to load 'VtuneApi32e.dll' (GetLastError=126)
LogWindows: File 'VtuneApi32e.dll' does not exist
LogInit: Display: Running engine for game: KA_whiteBoxInClass
LogPlatformFile: Not using cached read wrapper
LogTaskGraph: Started task graph with 5 named threads and 11 total threads with 3 sets of task threads.
LogStats: Stats thread started at 1.199960
LogD3D11RHI: Loaded GFSDK_Aftermath_Lib.x64.dll
LogICUInternationalization: Display: ICU TimeZone Detection - Raw Offset: -7:00, Platform Override: ''
LogPluginManager: Mounting plugin Paper2D
LogPluginManager: Mounting plugin AISupport
LogPluginManager: Mounting plugin LightPropagationVolume
LogPluginManager: Mounting plugin CLionSourceCodeAccess
LogPluginManager: Mounting plugin CodeLiteSourceCodeAccess
LogPluginManager: Mounting plugin GitSourceControl
LogPluginManager: Mounting plugin KDevelopSourceCodeAccess
LogPluginManager: Mounting plugin NullSourceCodeAccess
LogPluginManager: Mounting plugin PerforceSourceControl
LogPluginManager: Mounting plugin SubversionSourceControl
LogPluginManager: Mounting plugin UObjectPlugin
LogPluginManager: Mounting plugin VisualStudioCodeSourceCodeAccess
LogPluginManager: Mounting plugin VisualStudioSourceCodeAccess
LogPluginManager: Mounting plugin XCodeSourceCodeAccess
LogPluginManager: Mounting plugin AssetManagerEditor
LogPluginManager: Mounting plugin CryptoKeys
LogPluginManager: Mounting plugin DataValidation
LogPluginManager: Mounting plugin FacialAnimation
LogPluginManager: Mounting plugin GameplayTagsEditor
LogPluginManager: Mounting plugin MacGraphicsSwitching
LogPluginManager: Mounting plugin MeshEditor
LogPluginManager: Mounting plugin MobileLauncherProfileWizard
LogPluginManager: Mounting plugin PluginBrowser
LogPluginManager: Mounting plugin SpeedTreeImporter
LogPluginManager: Mounting plugin DatasmithContent
LogPluginManager: Mounting plugin AlembicImporter
LogPluginManager: Mounting plugin AppleImageUtils
LogPluginManager: Mounting plugin AppleVision
LogPluginManager: Mounting plugin BackChannel
LogPluginManager: Mounting plugin CharacterAI
LogPluginManager: Mounting plugin GeometryCache
LogPluginManager: Mounting plugin HTML5Networking
LogPluginManager: Mounting plugin ProxyLODPlugin
LogPluginManager: Mounting plugin MagicLeap
LogPluginManager: Mounting plugin MagicLeapEmulator
LogPluginManager: Mounting plugin MagicLeapMedia
LogPluginManager: Mounting plugin AndroidMedia
LogPluginManager: Mounting plugin AvfMedia
LogPluginManager: Mounting plugin ImgMedia
LogPluginManager: Mounting plugin LinearTimecode
LogPluginManager: Mounting plugin MediaCompositing
LogPluginManager: Mounting plugin MediaPlayerEditor
LogPluginManager: Mounting plugin WmfMedia
LogPluginManager: Mounting plugin TcpMessaging
LogPluginManager: Mounting plugin UdpMessaging
LogPluginManager: Mounting plugin ActorSequence
LogPluginManager: Mounting plugin LevelSequenceEditor
LogPluginManager: Mounting plugin MatineeToLevelSequence
LogPluginManager: Mounting plugin NetcodeUnitTest
LogPluginManager: Mounting plugin NUTUnrealEngine4
LogPluginManager: Mounting plugin OnlineSubsystemGooglePlay
LogPluginManager: Mounting plugin OnlineSubsystemIOS
LogPluginManager: Mounting plugin OnlineSubsystem
LogPluginManager: Mounting plugin OnlineSubsystemNull
LogPluginManager: Mounting plugin OnlineSubsystemUtils
LogPluginManager: Mounting plugin LauncherChunkInstaller
LogPluginManager: Mounting plugin AndroidDeviceProfileSelector
LogPluginManager: Mounting plugin AndroidMoviePlayer
LogPluginManager: Mounting plugin AndroidPermission
LogPluginManager: Mounting plugin AppleMoviePlayer
LogPluginManager: Mounting plugin ArchVisCharacter
LogPluginManager: Mounting plugin AudioCapture
LogPluginManager: Mounting plugin CableComponent
LogPluginManager: Mounting plugin CustomMeshComponent
LogPluginManager: Mounting plugin EditableMesh
LogPluginManager: Mounting plugin ExampleDeviceProfileSelector
LogPluginManager: Mounting plugin GoogleCloudMessaging
LogPluginManager: Mounting plugin ImmediatePhysics
LogPluginManager: Mounting plugin IOSDeviceProfileSelector
LogPluginManager: Mounting plugin LinuxDeviceProfileSelector
LogPluginManager: Mounting plugin LocationServicesBPLibrary
LogPluginManager: Mounting plugin MobilePatchingUtils
LogPluginManager: Mounting plugin OculusVR
LogPluginManager: Plugin shader directory ../../../Engine/Plugins/Runtime/Oculus/OculusVR/Shaders found
LogPluginManager: Mapping shader source directory ../../../Engine/Plugins/Runtime/Oculus/OculusVR/Shaders to virtual directory /Plugin/OculusVR
LogPluginManager: Mounting plugin PhysXVehicles
LogPluginManager: Mounting plugin ProceduralMeshComponent
LogPluginManager: Mounting plugin RuntimePhysXCooking
LogPluginManager: Mounting plugin SteamVR
LogPluginManager: Mounting plugin WindowsMoviePlayer
LogStreaming: Display: Took  0.500s to configure plugins.
LogInit: Using libcurl 7.55.1-DEV
LogInit:  - built for x86_64-pc-win32
LogInit:  - supports SSL with OpenSSL/1.0.2h
LogInit:  - supports HTTP deflate (compression) using libz 1.2.8
LogInit:  - other features:
LogInit:      CURL_VERSION_SSL
LogInit:      CURL_VERSION_LIBZ
LogInit:      CURL_VERSION_IPV6
LogInit:      CURL_VERSION_ASYNCHDNS
LogInit:      CURL_VERSION_LARGEFILE
LogInit:      CURL_VERSION_IDN
LogInit:  CurlRequestOptions (configurable via config and command line):
LogInit:  - bVerifyPeer = false  - Libcurl will NOT verify peer certificate
LogInit:  - bUseHttpProxy = false  - Libcurl will NOT use HTTP proxy
LogInit:  - bDontReuseConnections = false  - Libcurl will reuse connections
LogInit:  - CertBundlePath = nullptr  - Libcurl will use whatever was configured at build time.
LogInit:  - MaxHostConnections = 16  - Libcurl will limit the number of connections to a host
LogInit:  - LocalHostAddr = Default
LogInit:  - BufferSize = 65536
LogInit: WinSock: version 1.1 (2.2), MaxSocks=32767, MaxUdp=65467
LogInit: Build: ++UE4+Release-4.20-CL-4369336
LogInit: Engine Version: 4.20.3-4369336+++UE4+Release-4.20
LogInit: Compatible Engine Version: 4.20.0-4212847+++UE4+Release-4.20
LogInit: Net CL: 4212847
LogInit: OS: Windows 10 (), CPU: Intel(R) Core(TM) i5-4210U CPU @ 1.70GHz, GPU: Intel(R) HD Graphics Family
LogInit: Compiled (64-bit): Sep 17 2018 12:26:19
LogInit: Compiled with Visual C++: 19.13.26129.00
LogInit: Build Configuration: Development
LogInit: Branch Name: ++UE4+Release-4.20
LogInit: Command Line:  
LogInit: Base Directory: C:/Program Files/Epic Games/UE_4.20/Engine/Binaries/Win64/
LogInit: Installed Engine Build: 1
LogDevObjectVersion: Number of dev versions registered: 20
LogDevObjectVersion:   Dev-Blueprints (B0D832E4-1F89-4F0D-ACCF-7EB736FD4AA2): 10
LogDevObjectVersion:   Dev-Build (E1C64328-A22C-4D53-A36C-8E866417BD8C): 0
LogDevObjectVersion:   Dev-Core (375EC13C-06E4-48FB-B500-84F0262A717E): 2
LogDevObjectVersion:   Dev-Editor (E4B068ED-F494-42E9-A231-DA0B2E46BB41): 24
LogDevObjectVersion:   Dev-Framework (CFFC743F-43B0-4480-9391-14DF171D2073): 34
LogDevObjectVersion:   Dev-Mobile (B02B49B5-BB20-44E9-A304-32B752E40360): 2
LogDevObjectVersion:   Dev-Networking (A4E4105C-59A1-49B5-A7C5-40C4547EDFEE): 0
LogDevObjectVersion:   Dev-Online (39C831C9-5AE6-47DC-9A44-9C173E1C8E7C): 0
LogDevObjectVersion:   Dev-Physics (78F01B33-EBEA-4F98-B9B4-84EACCB95AA2): 0
LogDevObjectVersion:   Dev-Platform (6631380F-2D4D-43E0-8009-CF276956A95A): 0
LogDevObjectVersion:   Dev-Rendering (12F88B9F-8875-4AFC-A67C-D90C383ABD29): 26
LogDevObjectVersion:   Dev-Sequencer (7B5AE74C-D270-4C10-A958-57980B212A5A): 9
LogDevObjectVersion:   Dev-VR (D7296918-1DD6-4BDD-9DE2-64A83CC13884): 2
LogDevObjectVersion:   Dev-LoadTimes (C2A15278-BFE7-4AFE-6C17-90FF531DF755): 1
LogDevObjectVersion:   Private-Geometry (6EACA3D4-40EC-4CC1-B786-8BED09428FC5): 3
LogDevObjectVersion:   Dev-AnimPhys (29E575DD-E0A3-4627-9D10-D276232CDCEA): 17
LogDevObjectVersion:   Dev-ReflectionCapture (6B266CEC-1EC7-4B8F-A30B-E4D90942FC07): 1
LogDevObjectVersion:   Dev-Automation (0DF73D61-A23F-47EA-B727-89E90C41499A): 1
LogDevObjectVersion:   FortniteMain (601D1886-AC64-4F84-AA16-D3DE0DEAC7D6): 12
LogDevObjectVersion:   Dev-Enterprise (9DFFBCD6-494F-0158-E221-12823C92A888): 1
LogStreaming: Display: Took  0.006s to delete old logs.
LogInit: Presizing for max 8388607 objects, including 0 objects not considered by GC, pre-allocating 0 bytes for permanent pool.
LogInit: Object subsystem initialized
[2019.01.16-23.54.09:551][  0]LogInit: Selected Device Profile: [Windows]
[2019.01.16-23.54.09:551][  0]LogInit: Applying CVar settings loaded from the selected device profile: [Windows]
[2019.01.16-23.54.09:650][  0]LogHAL: Display: Platform has ~ 8 GB [8507432960 / 8589934592 / 8], which maps to Default [LargestMinGB=32, LargerMinGB=12, DefaultMinGB=8, SmallerMinGB=6, SmallestMinGB=0)
[2019.01.16-23.54.09:650][  0]LogInit: Setting Device Profile CVar: [[r.Vulkan.UseRealUBs:1]]
[2019.01.16-23.54.09:650][  0]LogInit: Going up to parent DeviceProfile []
[2019.01.16-23.54.09:674][  0]LogInit: Computer: LAPTOP-CQL85LHE
[2019.01.16-23.54.09:674][  0]LogInit: User: kevin
[2019.01.16-23.54.09:674][  0]LogInit: CPU Page size=4096, Cores=2
[2019.01.16-23.54.09:674][  0]LogInit: High frequency timer resolution =2.338338 MHz
[2019.01.16-23.54.09:675][  0]LogMemory: Memory total: Physical=7.9GB (8GB approx)
[2019.01.16-23.54.09:676][  0]LogMemory: Platform Memory Stats for Windows
[2019.01.16-23.54.09:676][  0]LogMemory: Process Physical Memory: 100.31 MB used, 100.31 MB peak
[2019.01.16-23.54.09:676][  0]LogMemory: Process Virtual Memory: 84.39 MB used, 84.39 MB peak
[2019.01.16-23.54.09:676][  0]LogMemory: Physical Memory: 5082.68 MB used,  3030.64 MB free, 8113.32 MB total
[2019.01.16-23.54.09:676][  0]LogMemory: Virtual Memory: 4621.76 MB used,  3030.64 MB free, 134217728.00 MB total
[2019.01.16-23.54.10:882][  0]LogInit: Using OS detected language (en-US).
[2019.01.16-23.54.10:882][  0]LogInit: Using OS detected locale (en-US).
[2019.01.16-23.54.11:000][  0]LogTextLocalizationManager: No specific localization for 'en-US' exists, so the 'en' localization will be used.
[2019.01.16-23.54.15:359][  0]LogStreaming: Display: Took  4.477s to InitEngineTextLocalization.
[2019.01.16-23.54.15:359][  0]LogInit: Setting process to per monitor DPI aware
[2019.01.16-23.54.16:098][  0]LogSlate: New Slate User Created.  User Index 0, Is Virtual User: 0
[2019.01.16-23.54.16:098][  0]LogSlate: Slate User Registered.  User Index 0, Is Virtual User: 0
[2019.01.16-23.54.30:618][  0]LogHMD: Failed to initialize OpenVR with code 110
[2019.01.16-23.54.30:618][  0]LogD3D11RHI: D3D11 adapters:
[2019.01.16-23.54.30:649][  0]LogD3D11RHI:    0. 'Intel(R) HD Graphics Family' (Feature Level 11_0)
[2019.01.16-23.54.30:649][  0]LogD3D11RHI:       112/0/2048 MB DedicatedVideo/DedicatedSystem/SharedSystem, Outputs:1, VendorId:0x8086
[2019.01.16-23.54.30:655][  0]LogD3D11RHI:    1. 'Microsoft Basic Render Driver' (Feature Level 11_0)
[2019.01.16-23.54.30:655][  0]LogD3D11RHI:       0/0/4056 MB DedicatedVideo/DedicatedSystem/SharedSystem, Outputs:0, VendorId:0x1414
[2019.01.16-23.54.30:655][  0]LogD3D11RHI: Chosen D3D11 Adapter: 0
[2019.01.16-23.54.30:675][  0]LogD3D11RHI: Creating new Direct3DDevice
[2019.01.16-23.54.30:675][  0]LogD3D11RHI:     GPU DeviceId: 0xa16 (for the marketing name, search the web for "GPU Device Id")
[2019.01.16-23.54.30:675][  0]LogWindows: EnumDisplayDevices:
[2019.01.16-23.54.30:675][  0]LogWindows:    0. 'Intel(R) HD Graphics Family' (P:1 D:1)
[2019.01.16-23.54.30:676][  0]LogWindows:    1. 'Intel(R) HD Graphics Family' (P:0 D:0)
[2019.01.16-23.54.30:677][  0]LogWindows:    2. 'Intel(R) HD Graphics Family' (P:0 D:0)
[2019.01.16-23.54.30:678][  0]LogWindows: DebugString: FoundDriverCount:3 
[2019.01.16-23.54.30:678][  0]LogD3D11RHI:     Adapter Name: Intel(R) HD Graphics Family
[2019.01.16-23.54.30:678][  0]LogD3D11RHI:   Driver Version: 20.19.15.4703 (internal:20.19.15.4703, unified:20.19.15.4703)
[2019.01.16-23.54.30:678][  0]LogD3D11RHI:      Driver Date: 6-9-2017
[2019.01.16-23.54.30:678][  0]LogRHI: Texture pool is 795 MB (70% of 1136 MB)
[2019.01.16-23.54.30:694][  0]LogD3D11RHI: Async texture creation enabled
[2019.01.16-23.54.30:713][  0]LogD3D11RHI: GPU Timing Frequency: 12.500000 (Debug: 2 0)
[2019.01.16-23.54.30:716][  0]LogShaderCompilers: Guid format shader working directory is -29 characters bigger than the processId version (../../../../../../Users/kevin/Documents/Unreal Projects/KA_whiteBoxInClass/Intermediate/Shaders/WorkingDirectory/19444/).
[2019.01.16-23.54.30:716][  0]LogShaderCompilers: Cleaned the shader compiler working directory 'C:/Users/kevin/AppData/Local/Temp/UnrealShaderWorkingDir/2925E01C4F0E9D3BF8D919AEE11BD452/'.
[2019.01.16-23.54.32:299][  0]LogTemp: Display: Loaded TP AllDesktopTargetPlatform
[2019.01.16-23.54.32:354][  0]LogTemp: Display: Loaded TP MacClientTargetPlatform
[2019.01.16-23.54.32:434][  0]LogTemp: Display: Loaded TP MacNoEditorTargetPlatform
[2019.01.16-23.54.32:514][  0]LogTemp: Display: Loaded TP MacServerTargetPlatform
[2019.01.16-23.54.32:614][  0]LogTemp: Display: Loaded TP MacTargetPlatform
[2019.01.16-23.54.32:706][  0]LogTemp: Display: Loaded TP WindowsClientTargetPlatform
[2019.01.16-23.54.32:792][  0]LogTemp: Display: Loaded TP WindowsNoEditorTargetPlatform
[2019.01.16-23.54.32:912][  0]LogTemp: Display: Loaded TP WindowsServerTargetPlatform
[2019.01.16-23.54.32:976][  0]LogTemp: Display: Loaded TP WindowsTargetPlatform
[2019.01.16-23.54.33:302][  0]LogTemp: Display: Loaded TP AndroidTargetPlatform
[2019.01.16-23.54.33:302][  0]LogTemp: Display: Loaded TP AndroidTargetPlatform
[2019.01.16-23.54.33:302][  0]LogTemp: Display: Loaded TP AndroidTargetPlatform
[2019.01.16-23.54.33:302][  0]LogTemp: Display: Loaded TP AndroidTargetPlatform
[2019.01.16-23.54.33:302][  0]LogTemp: Display: Loaded TP AndroidTargetPlatform
[2019.01.16-23.54.33:302][  0]LogTemp: Display: Loaded TP AndroidTargetPlatform
[2019.01.16-23.54.33:302][  0]LogTemp: Display: Loaded TP AndroidTargetPlatform
[2019.01.16-23.54.33:302][  0]LogTemp: Display: Loaded TP AndroidTargetPlatform
[2019.01.16-23.54.33:302][  0]LogTemp: Display: Loaded TP AndroidTargetPlatform
[2019.01.16-23.54.33:302][  0]LogTemp: Display: Loaded TP AndroidTargetPlatform
[2019.01.16-23.54.33:302][  0]LogTemp: Display: Loaded TP AndroidTargetPlatform
[2019.01.16-23.54.33:302][  0]LogTemp: Display: Loaded TP AndroidTargetPlatform
[2019.01.16-23.54.33:302][  0]LogTemp: Display: Loaded TP AndroidTargetPlatform
[2019.01.16-23.54.33:303][  0]LogTemp: Display: Loaded TP AndroidTargetPlatform
[2019.01.16-23.54.33:303][  0]LogTemp: Display: Loaded TP AndroidTargetPlatform
[2019.01.16-23.54.33:303][  0]LogTemp: Display: Loaded TP AndroidTargetPlatform
[2019.01.16-23.54.33:303][  0]LogTemp: Display: Loaded TP AndroidTargetPlatform
[2019.01.16-23.54.33:303][  0]LogTemp: Display: Loaded TP AndroidTargetPlatform
[2019.01.16-23.54.33:341][  0]LogTemp: Display: Loaded TP HTML5TargetPlatform
[2019.01.16-23.54.33:589][  0]LogTemp: Display: Loaded TP IOSTargetPlatform
[2019.01.16-23.54.33:589][  0]LogTemp: Display: Loaded TP IOSTargetPlatform
[2019.01.16-23.54.33:663][  0]LogTemp: Display: Loaded TP TVOSTargetPlatform
[2019.01.16-23.54.33:663][  0]LogTemp: Display: Loaded TP TVOSTargetPlatform
[2019.01.16-23.54.33:695][  0]LogTemp: Display: Loaded TP LinuxClientTargetPlatform
[2019.01.16-23.54.33:723][  0]LogTemp: Display: Loaded TP LinuxNoEditorTargetPlatform
[2019.01.16-23.54.33:756][  0]LogTemp: Display: Loaded TP LinuxServerTargetPlatform
[2019.01.16-23.54.33:823][  0]LogTemp: Display: Loaded TP LinuxTargetPlatform
[2019.01.16-23.54.33:849][  0]LogTemp: Display: Loaded TP LuminTargetPlatform
[2019.01.16-23.54.33:849][  0]LogTargetPlatformManager: Display: Building Assets For Windows
[2019.01.16-23.54.35:291][  0]LogXGEController: Cleaning working directory: C:/Users/kevin/AppData/Local/Temp/UnrealXGEWorkingDir/
[2019.01.16-23.54.35:292][  0]LogXGEController: Cannot use XGE Controller as Incredibuild is not installed on this machine.
[2019.01.16-23.54.35:292][  0]LogShaderCompilers: Cannot use XGE Shader Compiler as Incredibuild is not installed on this machine.
[2019.01.16-23.54.35:292][  0]LogShaderCompilers: Display: Using Local Shader Compiler.
[2019.01.16-23.54.45:649][  0]LogDerivedDataCache: Display: Max Cache Size: 512 MB
[2019.01.16-23.54.46:813][  0]LogDerivedDataCache: Loaded boot cache 1.16s 71MB C:/Users/kevin/AppData/Local/UnrealEngine/4.20/DerivedDataCache/Boot.ddc.
[2019.01.16-23.54.46:814][  0]LogDerivedDataCache: Display: Loaded Boot cache: C:/Users/kevin/AppData/Local/UnrealEngine/4.20/DerivedDataCache/Boot.ddc
[2019.01.16-23.54.46:815][  0]LogDerivedDataCache: FDerivedDataBackendGraph:  Pak pak cache file ../../../../../../Users/kevin/Documents/Unreal Projects/KA_whiteBoxInClass/DerivedDataCache/DDC.ddp not found, will not use a pak cache.
[2019.01.16-23.54.46:815][  0]LogDerivedDataCache: Unable to find inner node Pak for hierarchical cache Hierarchy.
[2019.01.16-23.54.46:815][  0]LogDerivedDataCache: FDerivedDataBackendGraph:  CompressedPak pak cache file ../../../../../../Users/kevin/Documents/Unreal Projects/KA_whiteBoxInClass/DerivedDataCache/Compressed.ddp not found, will not use a pak cache.
[2019.01.16-23.54.46:815][  0]LogDerivedDataCache: Unable to find inner node CompressedPak for hierarchical cache Hierarchy.
[2019.01.16-23.54.46:957][  0]LogDerivedDataCache: Display: Pak cache opened for reading ../../../Engine/DerivedDataCache/Compressed.ddp.
[2019.01.16-23.54.46:970][  0]LogDerivedDataCache: Using Local data cache path C:/Users/kevin/AppData/Local/UnrealEngine/Common/DerivedDataCache: Writable
[2019.01.16-23.54.46:970][  0]LogDerivedDataCache: Shared data cache path not found in *engine.ini, will not use an Shared cache.
[2019.01.16-23.54.46:970][  0]LogDerivedDataCache: Unable to find inner node Shared for hierarchical cache Hierarchy.
[2019.01.16-23.54.47:013][  0]LogMaterial: Verifying Global Shaders for PCD3D_SM5
[2019.01.16-23.54.47:017][  0]LogSlate: Using FreeType 2.6.0
[2019.01.16-23.54.47:178][  0]LogSlate: SlateFontServices - WITH_FREETYPE: 1, WITH_HARFBUZZ: 1
[2019.01.16-23.54.51:070][  0]LogAssetRegistry: FAssetRegistry took 0.0435 seconds to start up
[2019.01.16-23.54.52:650][  0]LogInit: Selected Device Profile: [Windows]
[2019.01.16-23.54.57:350][  0]LogSimplygon: Simplygon DLL not present - disabling.
[2019.01.16-23.55.00:008][  0]LogMeshReduction: Using SimplygonSwarm for distributed automatic mesh merging
[2019.01.16-23.55.00:095][  0]LogMeshReduction: Using ProxyLODMeshReduction for automatic mesh merging
[2019.01.16-23.55.00:095][  0]LogMeshReduction: Using QuadricMeshReduction for automatic static mesh reduction
[2019.01.16-23.55.00:095][  0]LogMeshReduction: No automatic skeletal mesh reduction module available
[2019.01.16-23.55.00:542][  0]LogNetVersion: KA_whiteBoxInClass 1.0.0, NetCL: 4212847, EngineNetVer: 5, GameNetVer: 0 (Checksum: 2929727213)
[2019.01.16-23.55.05:162][  0]LogPackageLocalizationCache: Processed 11 localized package path(s) for 2 prioritized culture(s) in 0.328129 seconds
[2019.01.16-23.55.05:171][  0]LogUObjectArray: 38425 objects as part of root set at end of initial load.
[2019.01.16-23.55.05:171][  0]LogUObjectAllocator: 6690864 out of 0 bytes used by permanent object pool.
[2019.01.16-23.55.05:171][  0]LogUObjectArray: CloseDisregardForGC: 0/0 objects in disregard for GC pool
[2019.01.16-23.56.07:014][  0]LogTcpMessaging: Initializing TcpMessaging bridge
[2019.01.16-23.56.07:050][  0]LogUdpMessaging: Initializing bridge on interface 0.0.0.0:0 to multicast group 230.0.0.1:6666.
[2019.01.16-23.56.12:134][  0]SourceControl: Source control is disabled
[2019.01.16-23.56.12:166][  0]SourceControl: Source control is disabled
[2019.01.16-23.56.12:689][  0]SourceControl: Source control is disabled
[2019.01.16-23.56.12:987][  0]SourceControl: Source control is disabled
[2019.01.16-23.56.21:427][  0]LogAndroidPermission: UAndroidPermissionCallbackProxy::GetInstance
[2019.01.16-23.56.22:893][  0]LogOcInput: OculusInput pre-init called
[2019.01.16-23.56.24:501][  0]LogEngine: Initializing Engine...
[2019.01.16-23.56.24:522][  0]LogHMD: Failed to initialize OpenVR with code 110
[2019.01.16-23.56.24:568][  0]LogStats: UGameplayTagsManager::ConstructGameplayTagTree: ImportINI prefixes -  0.000 s
[2019.01.16-23.56.24:568][  0]LogStats: UGameplayTagsManager::ConstructGameplayTagTree: Construct from data asset -  0.000 s
[2019.01.16-23.56.24:568][  0]LogStats: UGameplayTagsManager::ConstructGameplayTagTree: ImportINI -  0.000 s
[2019.01.16-23.56.24:568][  0]LogStats: UGameplayTagsManager::ConstructGameplayTagTree: GameplayTagTreeChangedEvent.Broadcast -  0.000 s
[2019.01.16-23.56.25:413][  0]LogInit: Initializing FReadOnlyCVARCache
[2019.01.16-23.56.25:981][  0]LogAIModule: Creating AISystem for world Untitled
[2019.01.16-23.56.26:054][  0]LogInit: XAudio2 using 'Speakers (Realtek High Definition Audio)' : 2 channels at 48 kHz using 32 bits per sample (channel mask 0x3)
[2019.01.16-23.56.26:406][  0]LogInit: FAudioDevice initialized.
[2019.01.16-23.56.26:407][  0]LogNetVersion: Set ProjectVersion to 1.0.0.0. Version Checksum will be recalculated on next use.
[2019.01.16-23.56.26:861][  0]LogDerivedDataCache: Saved boot cache 0.45s 71MB C:/Users/kevin/AppData/Local/UnrealEngine/4.20/DerivedDataCache/Boot.ddc.
[2019.01.16-23.56.26:911][  0]LogInit: Texture streaming: Enabled
[2019.01.16-23.56.27:327][  0]LogEngineSessionManager: EngineSessionManager initialized
[2019.01.16-23.56.27:490][  0]LogInit: Transaction tracking system initialized
[2019.01.16-23.56.29:367][  0]BlueprintLog: New page: Editor Load
[2019.01.16-23.56.33:957][  0]LocalizationService: Localization service is disabled
[2019.01.16-23.56.40:485][  0]LogCook: Display: Max memory allowance for cook 16384mb min free memory 0mb
[2019.01.16-23.56.40:485][  0]LogCook: Display: Mobile HDR setting 1
[2019.01.16-23.56.40:485][  0]LogGameplayTags: Display: UGameplayTagsManager::DoneAddingNativeTags. DelegateIsBound: 0
[2019.01.16-23.56.40:486][  0]LogStats: UGameplayTagsManager::ConstructGameplayTagTree: ImportINI prefixes -  0.000 s
[2019.01.16-23.56.40:486][  0]LogStats: UGameplayTagsManager::ConstructGameplayTagTree: Construct from data asset -  0.000 s
[2019.01.16-23.56.40:486][  0]LogStats: UGameplayTagsManager::ConstructGameplayTagTree: ImportINI -  0.000 s
[2019.01.16-23.56.40:487][  0]LogStats: UGameplayTagsManager::ConstructGameplayTagTree: GameplayTagTreeChangedEvent.Broadcast -  0.000 s
[2019.01.16-23.56.40:784][  0]LogFileCache: Scanning file cache for directory 'C:/Users/kevin/Documents/Unreal Projects/KA_whiteBoxInClass/Content/' took 0.03s
[2019.01.16-23.56.46:157][  0]SourceControl: Source control is disabled
[2019.01.16-23.56.46:157][  0]Cmd: MAP LOAD FILE="../../../Engine/Content/Maps/Templates/Template_Default.umap" TEMPLATE=1 SHOWPROGRESS=1 FEATURELEVEL=3
[2019.01.16-23.56.46:159][  0]LightingResults: New page: Lighting Build
[2019.01.16-23.56.46:205][  0]MapCheck: New page: Map Check
[2019.01.16-23.56.46:205][  0]LightingResults: New page: Lighting Build
[2019.01.16-23.56.47:348][  0]LogAIModule: Creating AISystem for world Untitled_1
[2019.01.16-23.56.47:375][  0]LogEditorServer: Finished looking for orphan Actors (0.000 secs)
[2019.01.16-23.56.47:436][  0]Cmd: MAP CHECKDEP NOCLEARLOG
[2019.01.16-23.56.47:516][  0]MapCheck: Map check complete: 0 Error(s), 0 Warning(s), took 79.567ms to complete.
[2019.01.16-23.56.47:516][  0]LogFileHelpers: Loading map 'Template_Default' took 1.359
[2019.01.16-23.56.48:673][  0]LogSlate: Updating window title bar state: overlay mode, drag disabled, window buttons hidden, title bar hidden
[2019.01.16-23.56.48:703][  0]LogSlate: Updating window title bar state: overlay mode, drag disabled, window buttons hidden, title bar hidden
[2019.01.16-23.56.48:733][  0]LogSlate: Updating window title bar state: overlay mode, drag disabled, window buttons hidden, title bar hidden
[2019.01.16-23.56.48:753][  0]LogSlate: Updating window title bar state: overlay mode, drag disabled, window buttons hidden, title bar hidden
[2019.01.16-23.56.48:874][  0]LogCollectionManager: Loaded 0 collections in 0.006886 seconds
[2019.01.16-23.56.49:039][  0]LogFileCache: Scanning file cache for directory 'C:/Users/kevin/Documents/Unreal Projects/KA_whiteBoxInClass/Saved/Collections/' took 0.01s
[2019.01.16-23.56.49:039][  0]LogFileCache: Scanning file cache for directory 'C:/Users/kevin/Documents/Unreal Projects/KA_whiteBoxInClass/Content/Developers/kevin/Collections/' took 0.01s
[2019.01.16-23.56.49:039][  0]LogFileCache: Scanning file cache for directory 'C:/Users/kevin/Documents/Unreal Projects/KA_whiteBoxInClass/Content/Collections/' took 0.01s
[2019.01.16-23.56.49:039][  0]LogCollectionManager: Rebuilt the GUID cache for 0 collections in 0.000001 seconds
[2019.01.16-23.56.49:080][  0]LogContentBrowser: Native class hierarchy populated in 0.0393 seconds. Added 2572 classes and 603 folders.
[2019.01.16-23.56.49:197][  0]LogContentBrowser: Native class hierarchy updated for 'WidgetCarousel' in 0.0009 seconds. Added 0 classes and 0 folders.
[2019.01.16-23.56.51:658][  0]LogContentBrowser: Native class hierarchy updated for 'AddContentDialog' in 0.0009 seconds. Added 0 classes and 0 folders.
[2019.01.16-23.56.51:703][  0]LogContentBrowser: Native class hierarchy updated for 'SceneOutliner' in 0.0010 seconds. Added 1 classes and 2 folders.
[2019.01.16-23.56.51:834][  0]LogSlate: Took 0.046063 seconds to synchronously load lazily loaded font '../../../Engine/Content/Slate/Fonts/Roboto-Regular.ttf' (155K)
[2019.01.16-23.56.51:893][  0]LogSlate: Took 0.048988 seconds to synchronously load lazily loaded font '../../../Engine/Content/Slate/Fonts/Roboto-Bold.ttf' (160K)
[2019.01.16-23.56.51:941][  0]LogSlate: Took 0.034420 seconds to synchronously load lazily loaded font '../../../Engine/Content/Editor/Slate/Fonts/FontAwesome.ttf' (139K)
[2019.01.16-23.56.52:607][  0]LogRenderer: Reallocating scene render targets to support 856x376 Format 10 NumSamples 1 (Frame:1).
[2019.01.16-23.56.53:575][  0]LogContentBrowser: Native class hierarchy updated for 'HierarchicalLODOutliner' in 0.0009 seconds. Added 0 classes and 0 folders.
[2019.01.16-23.56.53:575][  0]LogLoad: (Engine Initialization) Total time: 189.61 seconds
[2019.01.16-23.56.53:575][  0]LogLoad: (Engine Initialization) Total Blueprint compile time: 0.00 seconds
[2019.01.16-23.56.53:732][  0]LogContentStreaming: Texture pool size now 1000 MB
[2019.01.16-23.56.53:857][  0]LogSlate: Took 0.040374 seconds to synchronously load lazily loaded font '../../../Engine/Content/Slate/Fonts/Roboto-Light.ttf' (167K)
[2019.01.16-23.56.54:885][  4]LogAssetRegistry: Asset discovery search completed in 123.8399 seconds
[2019.01.16-23.56.54:887][  4]LogCollectionManager: Rebuilt the object cache for 0 collections in 0.000000 seconds (found 0 objects)
[2019.01.16-23.56.54:887][  4]LogCollectionManager: Fixed up redirectors for 0 collections in 0.000071 seconds (updated 0 objects)
[2019.01.16-23.56.54:900][  4]LogSlate: Took 0.000382 seconds to synchronously load lazily loaded font '../../../Engine/Content/Slate/Fonts/Roboto-Light.ttf' (167K)
[2019.01.16-23.56.55:700][ 21]LogEditorViewport: Clicking on Actor (LMB): BP_Sky_Sphere_C (Sky Sphere)
[2019.01.16-23.57.00:763][140]LogSlate: FSceneViewport::OnFocusLost() reason 0
[2019.01.16-23.57.02:258][144]LogStaticMesh: Building static mesh mann...
[2019.01.16-23.57.02:863][144]LogStaticMesh: Built static mesh [0.61s] /Game/mann.mann
[2019.01.16-23.57.03:047][144]LogMaterial: Display: Missing cached shader map for material SM_hatMat, compiling. 
[2019.01.16-23.57.03:321][144]LogShaderCompilers: Display: Shaders left to compile 22
[2019.01.16-23.57.03:321][144]LogShaderCompilers: Display: Shaders left to compile 12
[2019.01.16-23.57.03:321][144]LogShaderCompilers: Display: Shaders left to compile 2
[2019.01.16-23.57.03:328][144]LogAIModule: Creating AISystem for world KA_MyCity
[2019.01.16-23.57.03:565][144]LogAssetEditorManager: Opening Asset editor for World /Game/KA_MyCity.KA_MyCity
[2019.01.16-23.57.03:636][144]Cmd: MAP LOAD FILE="../../../../../../Users/kevin/Documents/Unreal Projects/KA_whiteBoxInClass/Content/KA_MyCity.umap" TEMPLATE=0 SHOWPROGRESS=1 FEATURELEVEL=3
[2019.01.16-23.57.03:636][144]LightingResults: New page: Lighting Build
[2019.01.16-23.57.03:637][144]LoadErrors: New page: Loading map: KA_MyCity.umap
[2019.01.16-23.57.03:638][144]MapCheck: New page: Map Check
[2019.01.16-23.57.03:638][144]LightingResults: New page: Lighting Build
[2019.01.16-23.57.03:922][144]LogEditorServer: Finished looking for orphan Actors (0.000 secs)
[2019.01.16-23.57.04:043][144]Cmd: MAP CHECKDEP NOCLEARLOG
[2019.01.16-23.57.04:192][144]MapCheck: Map check complete: 0 Error(s), 0 Warning(s), took 148.641ms to complete.
[2019.01.16-23.57.04:194][144]LogFileHelpers: Loading map 'KA_MyCity' took 0.559
[2019.01.16-23.57.13:562][278]LogEditorViewport: Clicking on Actor (LMB): StaticMeshActor (mann3)
[2019.01.16-23.57.23:865][385]LogSlate: FSceneViewport::OnFocusLost() reason 0
[2019.01.17-08.52.56:868][ 12]LogD3D11RHI: Timed out while waiting for GPU to catch up. (500 ms)
[2019.01.17-17.06.53:508][ 73]LogHttp: Warning: 000001DCED3D7C40: HTTP request timed out after 29658.88 seconds URL=https://datarouter.ol.epicgames.com/datarouter/api/v1/public/data?SessionID=%7B8CFCEA9B-4D0B-A3D7-BB77-A8835363E6D8%7D&AppID=UEEditor.Rocket.Release&AppVersion=4.20.3-4369336%2B%2B%2BUE4%2BRelease-4.20&UserID=e011238f4f314ec683400ca4fd12cfbc%7C70eb07038fb944fc985655b09c0f82ea%7Cfcf5425e-d6a0-4837-8d7c-8c6d5ebd9794&AppEnvironment=datacollector-binary&UploadType=eteventstream
[2019.01.17-17.06.57:317][ 73]LogD3D11RHI: Timed out while waiting for GPU to catch up. (500 ms)
[2019.01.17-17.06.59:369][ 73]LogHttp: Warning: 000001DCED3D7C40: request failed, libcurl error: 0 (No error)
[2019.01.17-17.06.59:580][ 73]LogHttp: Warning: 000001DCED3D7C40: libcurl info message cache 0 (Found bundle for host datarouter.ol.epicgames.com: 0x1dcb07ebfa0 [can pipeline])
[2019.01.17-17.06.59:580][ 73]LogHttp: Warning: 000001DCED3D7C40: libcurl info message cache 1 (Re-using existing connection! (#153) with host datarouter.ol.epicgames.com)
[2019.01.17-17.06.59:956][ 73]LogHttp: Warning: 000001DCED3D7C40: libcurl info message cache 2 (Connected to datarouter.ol.epicgames.com (23.20.51.18) port 443 (#153))
[2019.01.17-17.06.59:956][ 73]LogHttp: Warning: 000001DCED3D7C40: libcurl info message cache 3 (Closing connection 153)
[2019.01.17-19.46.26:520][113]LogD3D11RHI: Timed out while waiting for GPU to catch up. (500 ms)
[2019.01.17-19.46.30:643][114]LogD3D11RHI: Timed out while waiting for GPU to catch up. (500 ms)
[2019.01.18-00.24.31:185][573]LogD3D11RHI: Timed out while waiting for GPU to catch up. (500 ms)
[2019.01.18-06.48.59:611][625]LogD3D11RHI: Timed out while waiting for GPU to catch up. (500 ms)
[2019.01.18-06.53.49:557][430]LogEditorViewport: Clicking on Actor (LMB): BP_Sky_Sphere_C (Sky Sphere)
[2019.01.18-06.53.53:711][469]Cmd: TRANSACTION UNDO
[2019.01.18-06.53.53:711][469]LogEditorTransaction: Undo Select Brush Surface
[2019.01.18-06.53.58:953][470]LogSlate: FSceneViewport::OnFocusLost() reason 2
[2019.01.18-06.54.03:099][470]LogSavePackage: Moving '../../../../../../Users/kevin/Documents/Unreal Projects/KA_whiteBoxInClass/Saved/KA_MyCity_Auto1D9CC7F9B4A8C526CEEA9349B57C7E888.tmp' to '../../../../../../Users/kevin/Documents/Unreal Projects/KA_whiteBoxInClass/Saved/Autosaves/Game/KA_MyCity_Auto1.umap'
[2019.01.18-06.54.03:407][470]LogFileHelpers: Editor autosave (incl. sublevels) for '/Game/KA_MyCity' took 4.059
[2019.01.18-06.54.03:407][470]LogFileHelpers: Editor autosave (incl. sublevels) for all levels took 4.059
[2019.01.18-06.54.06:242][521]Cmd: TRANSACTION UNDO
[2019.01.18-06.54.06:242][521]LogEditorTransaction: Undo Select Brush Surface
[2019.01.18-06.54.08:590][542]Cmd: TRANSACTION UNDO
[2019.01.18-06.54.08:591][542]LogEditorTransaction: Undo Apply Material to Surface
[2019.01.18-06.55.26:422][ 26]LogSlate: FSceneViewport::OnFocusLost() reason 0
[2019.01.18-07.06.27:201][555]LogD3D11RHI: Timed out while waiting for GPU to catch up. (500 ms)
[2019.01.18-07.06.40:275][555]LogSavePackage: Moving '../../../../../../Users/kevin/Documents/Unreal Projects/KA_whiteBoxInClass/Saved/KA_MyCity_Auto27BE5295F4C17B797D5B189AADE1657FB.tmp' to '../../../../../../Users/kevin/Documents/Unreal Projects/KA_whiteBoxInClass/Saved/Autosaves/Game/KA_MyCity_Auto2.umap'
[2019.01.18-07.06.40:282][555]LogFileHelpers: Editor autosave (incl. sublevels) for '/Game/KA_MyCity' took 12.346
[2019.01.18-07.06.40:283][555]LogFileHelpers: Editor autosave (incl. sublevels) for all levels took 12.346
[2019.01.18-11.32.26:215][872]LogD3D11RHI: Timed out while waiting for GPU to catch up. (500 ms)
[2019.01.18-17.35.37:428][909]LogD3D11RHI: Timed out while waiting for GPU to catch up. (500 ms)
[2019.01.18-17.35.38:404][909]LogHttp: Warning: 000001DC89B4FEC0: request failed, libcurl error: 28 (Timeout was reached)
[2019.01.18-17.35.38:405][909]LogHttp: Warning: 000001DC89B4FEC0: libcurl info message cache 0 (Found bundle for host datarouter.ol.epicgames.com: 0x1dcb07ebfa0 [can pipeline])
[2019.01.18-17.35.38:405][909]LogHttp: Warning: 000001DC89B4FEC0: libcurl info message cache 1 (Re-using existing connection! (#242) with host datarouter.ol.epicgames.com)
[2019.01.18-17.35.38:405][909]LogHttp: Warning: 000001DC89B4FEC0: libcurl info message cache 2 (Connected to datarouter.ol.epicgames.com (18.209.142.114) port 443 (#242))
[2019.01.18-17.35.38:405][909]LogHttp: Warning: 000001DC89B4FEC0: libcurl info message cache 3 (OpenSSL SSL_read: SSL_ERROR_SYSCALL, errno 10054)
[2019.01.18-17.35.38:405][909]LogHttp: Warning: 000001DC89B4FEC0: libcurl info message cache 4 (Connection died, retrying a fresh connect)
[2019.01.18-17.35.38:405][909]LogHttp: Warning: 000001DC89B4FEC0: libcurl info message cache 5 (Closing connection 242)
[2019.01.18-17.35.38:405][909]LogHttp: Warning: 000001DC89B4FEC0: libcurl info message cache 6 (Issue another request to this URL: 'https://datarouter.ol.epicgames.com/datarouter/api/v1/public/data?SessionID=%7B8CFCEA9B-4D0B-A3D7-BB77-A8835363E6D8%7D&AppID=UEEditor.Rocket.Release&AppVersion=4.20.3-4369336%2B%2B%2BUE4%2BRelease-4.20&UserID=e011238f4f314ec683400ca4fd12cfbc%7C70eb07038fb944fc985655b09c0f82ea%7Cfcf5425e-d6a0-4837-8d7c-8c6d5ebd9794&AppEnvironment=datacollector-binary&UploadType=eteventstream')
[2019.01.18-17.35.38:405][909]LogHttp: Warning: 000001DC89B4FEC0: libcurl info message cache 7 (Resolving timed out after 21773359 milliseconds)
[2019.01.18-17.35.38:405][909]LogHttp: Warning: 000001DC89B4FEC0: libcurl info message cache 8 (Closing connection 243)
[2019.01.18-17.35.40:914][913]LogD3D11RHI: Timed out while waiting for GPU to catch up. (500 ms)
[2019.01.18-20.57.40:719][828]LogD3D11RHI: Timed out while waiting for GPU to catch up. (500 ms)
[2019.01.18-20.57.57:323][877]LogHttp: Warning: 000001DC89B4FEC0: request failed, libcurl error: 6 (Couldn't resolve host name)
[2019.01.18-20.57.57:323][877]LogHttp: Warning: 000001DC89B4FEC0: libcurl info message cache 0 (Found bundle for host datarouter.ol.epicgames.com: 0x1dcb07ebfa0 [can pipeline])
[2019.01.18-20.57.57:323][877]LogHttp: Warning: 000001DC89B4FEC0: libcurl info message cache 1 (Re-using existing connection! (#253) with host datarouter.ol.epicgames.com)
[2019.01.18-20.57.57:323][877]LogHttp: Warning: 000001DC89B4FEC0: libcurl info message cache 2 (Connected to datarouter.ol.epicgames.com (52.6.198.225) port 443 (#253))
[2019.01.18-20.57.57:323][877]LogHttp: Warning: 000001DC89B4FEC0: libcurl info message cache 3 (OpenSSL SSL_read: SSL_ERROR_SYSCALL, errno 10054)
[2019.01.18-20.57.57:324][877]LogHttp: Warning: 000001DC89B4FEC0: libcurl info message cache 4 (Connection died, retrying a fresh connect)
[2019.01.18-20.57.57:324][877]LogHttp: Warning: 000001DC89B4FEC0: libcurl info message cache 5 (Closing connection 253)
[2019.01.18-20.57.57:324][877]LogHttp: Warning: 000001DC89B4FEC0: libcurl info message cache 6 (Issue another request to this URL: 'https://datarouter.ol.epicgames.com/datarouter/api/v1/public/data?SessionID=%7B8CFCEA9B-4D0B-A3D7-BB77-A8835363E6D8%7D&AppID=UEEditor.Rocket.Release&AppVersion=4.20.3-4369336%2B%2B%2BUE4%2BRelease-4.20&UserID=e011238f4f314ec683400ca4fd12cfbc%7C70eb07038fb944fc985655b09c0f82ea%7Cfcf5425e-d6a0-4837-8d7c-8c6d5ebd9794&AppEnvironment=datacollector-binary&UploadType=eteventstream')
[2019.01.18-20.57.57:324][877]LogHttp: Warning: 000001DC89B4FEC0: libcurl info message cache 7 (Could not resolve host: datarouter.ol.epicgames.com)
[2019.01.18-20.57.57:324][877]LogHttp: Warning: 000001DC89B4FEC0: libcurl info message cache 8 (Closing connection 254)
[2019.01.18-21.08.59:440][885]LogD3D11RHI: Timed out while waiting for GPU to catch up. (500 ms)
[2019.01.18-21.40.58:358][572]LogRenderer: Reallocating scene render targets to support 860x376 Format 10 NumSamples 1 (Frame:910).
[2019.01.19-00.17.29:429][544]LogD3D11RHI: Timed out while waiting for GPU to catch up. (500 ms)
[2019.01.19-00.17.29:925][546]LogHttp: Warning: 000001DC89B4FEC0: request failed, libcurl error: 6 (Couldn't resolve host name)
[2019.01.19-00.17.29:926][546]LogHttp: Warning: 000001DC89B4FEC0: libcurl info message cache 0 (Connection 275 seems to be dead!)
[2019.01.19-00.17.29:926][546]LogHttp: Warning: 000001DC89B4FEC0: libcurl info message cache 1 (Closing connection 275)
[2019.01.19-00.17.29:926][546]LogHttp: Warning: 000001DC89B4FEC0: libcurl info message cache 2 (TLSv1.2 (OUT), TLS alert, Client hello (1):)
[2019.01.19-00.17.29:926][546]LogHttp: Warning: 000001DC89B4FEC0: libcurl info message cache 3 (Could not resolve host: datarouter.ol.epicgames.com)
[2019.01.19-00.17.29:926][546]LogHttp: Warning: 000001DC89B4FEC0: libcurl info message cache 4 (Closing connection 276)
[2019.01.19-03.17.39:558][576]LogD3D11RHI: Timed out while waiting for GPU to catch up. (500 ms)
[2019.01.19-03.17.40:043][578]LogHttp: Warning: 000001DC89B4FEC0: request failed, libcurl error: 6 (Couldn't resolve host name)
[2019.01.19-03.17.40:043][578]LogHttp: Warning: 000001DC89B4FEC0: libcurl info message cache 0 (Could not resolve host: datarouter.ol.epicgames.com)
[2019.01.19-03.17.42:772][578]LogHttp: Warning: 000001DC89B4FEC0: libcurl info message cache 1 (Closing connection 277)
[2019.01.19-06.59.33:496][640]LogD3D11RHI: Timed out while waiting for GPU to catch up. (500 ms)
[2019.01.19-06.59.35:195][643]LogHttp: Warning: 000001DC89B4FEC0: request failed, libcurl error: 6 (Couldn't resolve host name)
[2019.01.19-06.59.35:195][643]LogHttp: Warning: 000001DC89B4FEC0: libcurl info message cache 0 (Could not resolve host: datarouter.ol.epicgames.com)
[2019.01.19-06.59.35:195][643]LogHttp: Warning: 000001DC89B4FEC0: libcurl info message cache 1 (Closing connection 278)
[2019.01.19-08.46.30:878][364]LogD3D11RHI: Timed out while waiting for GPU to catch up. (500 ms)
