Log file open, 01/16/19 14:42:09
LogWindows: Failed to load 'aqProf.dll' (GetLastError=126)
LogWindows: File 'aqProf.dll' does not exist
LogWindows: Failed to load 'VtuneApi.dll' (GetLastError=126)
LogWindows: File 'VtuneApi.dll' does not exist
LogWindows: Failed to load 'VtuneApi32e.dll' (GetLastError=126)
LogWindows: File 'VtuneApi32e.dll' does not exist
LogInit: Display: Running engine for game: KA_whiteBoxInClass
LogPlatformFile: Not using cached read wrapper
LogTaskGraph: Started task graph with 5 named threads and 23 total threads with 3 sets of task threads.
LogStats: Stats thread started at 0.274738
LogD3D11RHI: Loaded GFSDK_Aftermath_Lib.x64.dll
LogICUInternationalization: Display: ICU TimeZone Detection - Raw Offset: -7:00, Platform Override: ''
LogPluginManager: Mounting plugin Paper2D
LogPluginManager: Mounting plugin AISupport
LogPluginManager: Mounting plugin LightPropagationVolume
LogPluginManager: Mounting plugin CLionSourceCodeAccess
LogPluginManager: Mounting plugin CodeLiteSourceCodeAccess
LogPluginManager: Mounting plugin GitSourceControl
LogPluginManager: Mounting plugin KDevelopSourceCodeAccess
LogPluginManager: Mounting plugin NullSourceCodeAccess
LogPluginManager: Mounting plugin PerforceSourceControl
LogPluginManager: Mounting plugin SubversionSourceControl
LogPluginManager: Mounting plugin UObjectPlugin
LogPluginManager: Mounting plugin VisualStudioCodeSourceCodeAccess
LogPluginManager: Mounting plugin VisualStudioSourceCodeAccess
LogPluginManager: Mounting plugin XCodeSourceCodeAccess
LogPluginManager: Mounting plugin AssetManagerEditor
LogPluginManager: Mounting plugin CryptoKeys
LogPluginManager: Mounting plugin DataValidation
LogPluginManager: Mounting plugin FacialAnimation
LogPluginManager: Mounting plugin GameplayTagsEditor
LogPluginManager: Mounting plugin MacGraphicsSwitching
LogPluginManager: Mounting plugin MeshEditor
LogPluginManager: Mounting plugin MobileLauncherProfileWizard
LogPluginManager: Mounting plugin PluginBrowser
LogPluginManager: Mounting plugin SpeedTreeImporter
LogPluginManager: Mounting plugin DatasmithContent
LogPluginManager: Mounting plugin AlembicImporter
LogPluginManager: Mounting plugin AppleImageUtils
LogPluginManager: Mounting plugin AppleVision
LogPluginManager: Mounting plugin BackChannel
LogPluginManager: Mounting plugin CharacterAI
LogPluginManager: Mounting plugin GeometryCache
LogPluginManager: Mounting plugin HTML5Networking
LogPluginManager: Mounting plugin ProxyLODPlugin
LogPluginManager: Mounting plugin MagicLeap
LogPluginManager: Mounting plugin MagicLeapEmulator
LogPluginManager: Mounting plugin MagicLeapMedia
LogPluginManager: Mounting plugin AndroidMedia
LogPluginManager: Mounting plugin AvfMedia
LogPluginManager: Mounting plugin ImgMedia
LogPluginManager: Mounting plugin LinearTimecode
LogPluginManager: Mounting plugin MediaCompositing
LogPluginManager: Mounting plugin MediaPlayerEditor
LogPluginManager: Mounting plugin WmfMedia
LogPluginManager: Mounting plugin TcpMessaging
LogPluginManager: Mounting plugin UdpMessaging
LogPluginManager: Mounting plugin ActorSequence
LogPluginManager: Mounting plugin LevelSequenceEditor
LogPluginManager: Mounting plugin MatineeToLevelSequence
LogPluginManager: Mounting plugin NetcodeUnitTest
LogPluginManager: Mounting plugin NUTUnrealEngine4
LogPluginManager: Mounting plugin OnlineSubsystemGooglePlay
LogPluginManager: Mounting plugin OnlineSubsystemIOS
LogPluginManager: Mounting plugin OnlineSubsystem
LogPluginManager: Mounting plugin OnlineSubsystemNull
LogPluginManager: Mounting plugin OnlineSubsystemUtils
LogPluginManager: Mounting plugin LauncherChunkInstaller
LogPluginManager: Mounting plugin AndroidDeviceProfileSelector
LogPluginManager: Mounting plugin AndroidMoviePlayer
LogPluginManager: Mounting plugin AndroidPermission
LogPluginManager: Mounting plugin AppleMoviePlayer
LogPluginManager: Mounting plugin ArchVisCharacter
LogPluginManager: Mounting plugin AudioCapture
LogPluginManager: Mounting plugin CableComponent
LogPluginManager: Mounting plugin CustomMeshComponent
LogPluginManager: Mounting plugin EditableMesh
LogPluginManager: Mounting plugin ExampleDeviceProfileSelector
LogPluginManager: Mounting plugin GoogleCloudMessaging
LogPluginManager: Mounting plugin ImmediatePhysics
LogPluginManager: Mounting plugin IOSDeviceProfileSelector
LogPluginManager: Mounting plugin LinuxDeviceProfileSelector
LogPluginManager: Mounting plugin LocationServicesBPLibrary
LogPluginManager: Mounting plugin MobilePatchingUtils
LogPluginManager: Mounting plugin OculusVR
LogPluginManager: Plugin shader directory ../../../Engine/Plugins/Runtime/Oculus/OculusVR/Shaders found
LogPluginManager: Mapping shader source directory ../../../Engine/Plugins/Runtime/Oculus/OculusVR/Shaders to virtual directory /Plugin/OculusVR
LogPluginManager: Mounting plugin PhysXVehicles
LogPluginManager: Mounting plugin ProceduralMeshComponent
LogPluginManager: Mounting plugin RuntimePhysXCooking
LogPluginManager: Mounting plugin SteamVR
LogPluginManager: Mounting plugin WindowsMoviePlayer
LogStreaming: Display: Took  0.092s to configure plugins.
LogInit: Using libcurl 7.55.1-DEV
LogInit:  - built for x86_64-pc-win32
LogInit:  - supports SSL with OpenSSL/1.0.2h
LogInit:  - supports HTTP deflate (compression) using libz 1.2.8
LogInit:  - other features:
LogInit:      CURL_VERSION_SSL
LogInit:      CURL_VERSION_LIBZ
LogInit:      CURL_VERSION_IPV6
LogInit:      CURL_VERSION_ASYNCHDNS
LogInit:      CURL_VERSION_LARGEFILE
LogInit:      CURL_VERSION_IDN
LogInit:  CurlRequestOptions (configurable via config and command line):
LogInit:  - bVerifyPeer = false  - Libcurl will NOT verify peer certificate
LogInit:  - bUseHttpProxy = false  - Libcurl will NOT use HTTP proxy
LogInit:  - bDontReuseConnections = false  - Libcurl will reuse connections
LogInit:  - CertBundlePath = nullptr  - Libcurl will use whatever was configured at build time.
LogInit:  - MaxHostConnections = 16  - Libcurl will limit the number of connections to a host
LogInit:  - LocalHostAddr = Default
LogInit:  - BufferSize = 65536
LogInit: WinSock: version 1.1 (2.2), MaxSocks=32767, MaxUdp=65467
LogInit: Build: ++UE4+Release-4.20-CL-4369336
LogInit: Engine Version: 4.20.3-4369336+++UE4+Release-4.20
LogInit: Compatible Engine Version: 4.20.0-4212847+++UE4+Release-4.20
LogInit: Net CL: 4212847
LogInit: OS: Windows 10 (), CPU: Intel(R) Core(TM) i7-8809G CPU @ 3.10GHz, GPU: Radeon RX Vega M GH Graphics
LogInit: Compiled (64-bit): Sep 17 2018 12:26:19
LogInit: Compiled with Visual C++: 19.13.26129.00
LogInit: Build Configuration: Development
LogInit: Branch Name: ++UE4+Release-4.20
LogInit: Command Line:  
LogInit: Base Directory: C:/Program Files/Epic Games/UE_4.20/Engine/Binaries/Win64/
LogInit: Installed Engine Build: 1
LogDevObjectVersion: Number of dev versions registered: 20
LogDevObjectVersion:   Dev-Blueprints (B0D832E4-1F89-4F0D-ACCF-7EB736FD4AA2): 10
LogDevObjectVersion:   Dev-Build (E1C64328-A22C-4D53-A36C-8E866417BD8C): 0
LogDevObjectVersion:   Dev-Core (375EC13C-06E4-48FB-B500-84F0262A717E): 2
LogDevObjectVersion:   Dev-Editor (E4B068ED-F494-42E9-A231-DA0B2E46BB41): 24
LogDevObjectVersion:   Dev-Framework (CFFC743F-43B0-4480-9391-14DF171D2073): 34
LogDevObjectVersion:   Dev-Mobile (B02B49B5-BB20-44E9-A304-32B752E40360): 2
LogDevObjectVersion:   Dev-Networking (A4E4105C-59A1-49B5-A7C5-40C4547EDFEE): 0
LogDevObjectVersion:   Dev-Online (39C831C9-5AE6-47DC-9A44-9C173E1C8E7C): 0
LogDevObjectVersion:   Dev-Physics (78F01B33-EBEA-4F98-B9B4-84EACCB95AA2): 0
LogDevObjectVersion:   Dev-Platform (6631380F-2D4D-43E0-8009-CF276956A95A): 0
LogDevObjectVersion:   Dev-Rendering (12F88B9F-8875-4AFC-A67C-D90C383ABD29): 26
LogDevObjectVersion:   Dev-Sequencer (7B5AE74C-D270-4C10-A958-57980B212A5A): 9
LogDevObjectVersion:   Dev-VR (D7296918-1DD6-4BDD-9DE2-64A83CC13884): 2
LogDevObjectVersion:   Dev-LoadTimes (C2A15278-BFE7-4AFE-6C17-90FF531DF755): 1
LogDevObjectVersion:   Private-Geometry (6EACA3D4-40EC-4CC1-B786-8BED09428FC5): 3
LogDevObjectVersion:   Dev-AnimPhys (29E575DD-E0A3-4627-9D10-D276232CDCEA): 17
LogDevObjectVersion:   Dev-ReflectionCapture (6B266CEC-1EC7-4B8F-A30B-E4D90942FC07): 1
LogDevObjectVersion:   Dev-Automation (0DF73D61-A23F-47EA-B727-89E90C41499A): 1
LogDevObjectVersion:   FortniteMain (601D1886-AC64-4F84-AA16-D3DE0DEAC7D6): 12
LogDevObjectVersion:   Dev-Enterprise (9DFFBCD6-494F-0158-E221-12823C92A888): 1
LogStreaming: Display: Took  0.001s to delete old logs.
LogInit: Presizing for max 8388607 objects, including 0 objects not considered by GC, pre-allocating 0 bytes for permanent pool.
LogInit: Object subsystem initialized
[2019.01.16-21.42.09:293][  0]LogInit: Selected Device Profile: [Windows]
[2019.01.16-21.42.09:293][  0]LogInit: Applying CVar settings loaded from the selected device profile: [Windows]
[2019.01.16-21.42.09:305][  0]LogHAL: Display: Platform has ~ 16 GB [17095004160 / 17179869184 / 16], which maps to Larger [LargestMinGB=32, LargerMinGB=12, DefaultMinGB=8, SmallerMinGB=6, SmallestMinGB=0)
[2019.01.16-21.42.09:305][  0]LogInit: Setting Device Profile CVar: [[r.Vulkan.UseRealUBs:1]]
[2019.01.16-21.42.09:305][  0]LogInit: Going up to parent DeviceProfile []
[2019.01.16-21.42.09:305][  0]LogInit: Computer: eae-n-007
[2019.01.16-21.42.09:305][  0]LogInit: User: u0802452
[2019.01.16-21.42.09:305][  0]LogInit: CPU Page size=4096, Cores=4
[2019.01.16-21.42.09:305][  0]LogInit: High frequency timer resolution =3.023444 MHz
[2019.01.16-21.42.09:305][  0]LogMemory: Memory total: Physical=15.9GB (16GB approx)
[2019.01.16-21.42.09:305][  0]LogMemory: Platform Memory Stats for Windows
[2019.01.16-21.42.09:305][  0]LogMemory: Process Physical Memory: 99.95 MB used, 99.95 MB peak
[2019.01.16-21.42.09:305][  0]LogMemory: Process Virtual Memory: 90.99 MB used, 90.99 MB peak
[2019.01.16-21.42.09:305][  0]LogMemory: Physical Memory: 4965.67 MB used,  11337.39 MB free, 16303.07 MB total
[2019.01.16-21.42.09:305][  0]LogMemory: Virtual Memory: 4640.71 MB used,  11337.39 MB free, 134217728.00 MB total
[2019.01.16-21.42.09:320][  0]LogInit: Using OS detected language (en-US).
[2019.01.16-21.42.09:320][  0]LogInit: Using OS detected locale (en-US).
[2019.01.16-21.42.09:321][  0]LogTextLocalizationManager: No specific localization for 'en-US' exists, so the 'en' localization will be used.
[2019.01.16-21.42.09:609][  0]LogStreaming: Display: Took  0.290s to InitEngineTextLocalization.
[2019.01.16-21.42.09:610][  0]LogInit: Setting process to per monitor DPI aware
[2019.01.16-21.42.09:641][  0]LogSlate: New Slate User Created.  User Index 0, Is Virtual User: 0
[2019.01.16-21.42.09:641][  0]LogSlate: Slate User Registered.  User Index 0, Is Virtual User: 0
[2019.01.16-21.42.09:823][  0]LogHMD: Failed to initialize OpenVR with code 110
[2019.01.16-21.42.09:823][  0]LogD3D11RHI: D3D11 adapters:
[2019.01.16-21.42.09:860][  0]LogD3D11RHI:    0. 'Radeon RX Vega M GH Graphics' (Feature Level 11_0)
[2019.01.16-21.42.09:860][  0]LogD3D11RHI:       4042/0/8151 MB DedicatedVideo/DedicatedSystem/SharedSystem, Outputs:1, VendorId:0x1002
[2019.01.16-21.42.09:871][  0]LogD3D11RHI:    1. 'Intel(R) HD Graphics 630' (Feature Level 11_0)
[2019.01.16-21.42.09:871][  0]LogD3D11RHI:       128/0/8151 MB DedicatedVideo/DedicatedSystem/SharedSystem, Outputs:0, VendorId:0x8086
[2019.01.16-21.42.09:873][  0]LogD3D11RHI:    2. 'Microsoft Basic Render Driver' (Feature Level 11_0)
[2019.01.16-21.42.09:873][  0]LogD3D11RHI:       0/0/8151 MB DedicatedVideo/DedicatedSystem/SharedSystem, Outputs:0, VendorId:0x1414
[2019.01.16-21.42.09:873][  0]LogD3D11RHI: Chosen D3D11 Adapter: 0
[2019.01.16-21.42.09:880][  0]LogD3D11RHI: Creating new Direct3DDevice
[2019.01.16-21.42.09:880][  0]LogD3D11RHI:     GPU DeviceId: 0x694c (for the marketing name, search the web for "GPU Device Id")
[2019.01.16-21.42.09:880][  0]LogWindows: EnumDisplayDevices:
[2019.01.16-21.42.09:880][  0]LogWindows:    0. 'Radeon RX Vega M GH Graphics' (P:1 D:1)
[2019.01.16-21.42.09:880][  0]LogWindows:    1. 'Radeon RX Vega M GH Graphics' (P:0 D:0)
[2019.01.16-21.42.09:880][  0]LogWindows:    2. 'Radeon RX Vega M GH Graphics' (P:0 D:0)
[2019.01.16-21.42.09:881][  0]LogWindows:    3. 'Radeon RX Vega M GH Graphics' (P:0 D:0)
[2019.01.16-21.42.09:881][  0]LogWindows:    4. 'Radeon RX Vega M GH Graphics' (P:0 D:0)
[2019.01.16-21.42.09:881][  0]LogWindows:    5. 'Radeon RX Vega M GH Graphics' (P:0 D:0)
[2019.01.16-21.42.09:881][  0]LogWindows:    6. 'Radeon RX Vega M GH Graphics' (P:0 D:0)
[2019.01.16-21.42.09:881][  0]LogWindows:    7. 'Intel(R) HD Graphics 630' (P:0 D:0)
[2019.01.16-21.42.09:882][  0]LogWindows:    8. 'Intel(R) HD Graphics 630' (P:0 D:0)
[2019.01.16-21.42.09:882][  0]LogWindows: DebugString: PrimaryIsNotTheChoosenAdapter PrimaryIsNotTheChoosenAdapter FoundDriverCount:7 
[2019.01.16-21.42.09:882][  0]LogD3D11RHI:     Adapter Name: Radeon RX Vega M GH Graphics
[2019.01.16-21.42.09:882][  0]LogD3D11RHI:   Driver Version: Adrenalin 18.9.1 (internal:24.20.11026.2001, unified:24.20.11026.2001)
[2019.01.16-21.42.09:882][  0]LogD3D11RHI:      Driver Date: 8-30-2018
[2019.01.16-21.42.09:882][  0]LogRHI: Texture pool is 2829 MB (70% of 4042 MB)
[2019.01.16-21.42.09:943][  0]LogD3D11RHI: Async texture creation enabled
[2019.01.16-21.42.09:954][  0]LogD3D11RHI: GPU Timing Frequency: 25.000000 (Debug: 2 1)
[2019.01.16-21.42.09:956][  0]LogShaderCompilers: Guid format shader working directory is -20 characters bigger than the processId version (../../../../../../Users/u0802452/Documents/GitHub/KA_whiteBoxInClass/Intermediate/Shaders/WorkingDirectory/11280/).
[2019.01.16-21.42.09:956][  0]LogShaderCompilers: Cleaned the shader compiler working directory 'C:/Users/u0802452/AppData/Local/Temp/UnrealShaderWorkingDir/3C2C4831487478172377DEAC9FA26EC1/'.
[2019.01.16-21.42.10:182][  0]LogTemp: Display: Loaded TP AllDesktopTargetPlatform
[2019.01.16-21.42.10:193][  0]LogTemp: Display: Loaded TP MacClientTargetPlatform
[2019.01.16-21.42.10:204][  0]LogTemp: Display: Loaded TP MacNoEditorTargetPlatform
[2019.01.16-21.42.10:215][  0]LogTemp: Display: Loaded TP MacServerTargetPlatform
[2019.01.16-21.42.10:226][  0]LogTemp: Display: Loaded TP MacTargetPlatform
[2019.01.16-21.42.10:237][  0]LogTemp: Display: Loaded TP WindowsClientTargetPlatform
[2019.01.16-21.42.10:247][  0]LogTemp: Display: Loaded TP WindowsNoEditorTargetPlatform
[2019.01.16-21.42.10:259][  0]LogTemp: Display: Loaded TP WindowsServerTargetPlatform
[2019.01.16-21.42.10:264][  0]LogTemp: Display: Loaded TP WindowsTargetPlatform
[2019.01.16-21.42.10:330][  0]LogTemp: Display: Loaded TP AndroidTargetPlatform
[2019.01.16-21.42.10:330][  0]LogTemp: Display: Loaded TP AndroidTargetPlatform
[2019.01.16-21.42.10:330][  0]LogTemp: Display: Loaded TP AndroidTargetPlatform
[2019.01.16-21.42.10:330][  0]LogTemp: Display: Loaded TP AndroidTargetPlatform
[2019.01.16-21.42.10:330][  0]LogTemp: Display: Loaded TP AndroidTargetPlatform
[2019.01.16-21.42.10:330][  0]LogTemp: Display: Loaded TP AndroidTargetPlatform
[2019.01.16-21.42.10:330][  0]LogTemp: Display: Loaded TP AndroidTargetPlatform
[2019.01.16-21.42.10:330][  0]LogTemp: Display: Loaded TP AndroidTargetPlatform
[2019.01.16-21.42.10:330][  0]LogTemp: Display: Loaded TP AndroidTargetPlatform
[2019.01.16-21.42.10:330][  0]LogTemp: Display: Loaded TP AndroidTargetPlatform
[2019.01.16-21.42.10:330][  0]LogTemp: Display: Loaded TP AndroidTargetPlatform
[2019.01.16-21.42.10:330][  0]LogTemp: Display: Loaded TP AndroidTargetPlatform
[2019.01.16-21.42.10:330][  0]LogTemp: Display: Loaded TP AndroidTargetPlatform
[2019.01.16-21.42.10:330][  0]LogTemp: Display: Loaded TP AndroidTargetPlatform
[2019.01.16-21.42.10:330][  0]LogTemp: Display: Loaded TP AndroidTargetPlatform
[2019.01.16-21.42.10:330][  0]LogTemp: Display: Loaded TP AndroidTargetPlatform
[2019.01.16-21.42.10:330][  0]LogTemp: Display: Loaded TP AndroidTargetPlatform
[2019.01.16-21.42.10:330][  0]LogTemp: Display: Loaded TP AndroidTargetPlatform
[2019.01.16-21.42.10:331][  0]LogTemp: Display: Loaded TP HTML5TargetPlatform
[2019.01.16-21.42.10:387][  0]LogTemp: Display: Loaded TP IOSTargetPlatform
[2019.01.16-21.42.10:387][  0]LogTemp: Display: Loaded TP IOSTargetPlatform
[2019.01.16-21.42.10:406][  0]LogTemp: Display: Loaded TP TVOSTargetPlatform
[2019.01.16-21.42.10:406][  0]LogTemp: Display: Loaded TP TVOSTargetPlatform
[2019.01.16-21.42.10:416][  0]LogTemp: Display: Loaded TP LinuxClientTargetPlatform
[2019.01.16-21.42.10:426][  0]LogTemp: Display: Loaded TP LinuxNoEditorTargetPlatform
[2019.01.16-21.42.10:436][  0]LogTemp: Display: Loaded TP LinuxServerTargetPlatform
[2019.01.16-21.42.10:447][  0]LogTemp: Display: Loaded TP LinuxTargetPlatform
[2019.01.16-21.42.10:455][  0]LogTemp: Display: Loaded TP LuminTargetPlatform
[2019.01.16-21.42.10:455][  0]LogTargetPlatformManager: Display: Building Assets For Windows
[2019.01.16-21.42.10:508][  0]LogXGEController: Cleaning working directory: C:/Users/u0802452/AppData/Local/Temp/UnrealXGEWorkingDir/
[2019.01.16-21.42.10:508][  0]LogXGEController: Cannot use XGE Controller as Incredibuild is not installed on this machine.
[2019.01.16-21.42.10:508][  0]LogShaderCompilers: Cannot use XGE Shader Compiler as Incredibuild is not installed on this machine.
[2019.01.16-21.42.10:508][  0]LogShaderCompilers: Display: Using Local Shader Compiler.
[2019.01.16-21.42.11:111][  0]LogDerivedDataCache: Display: Max Cache Size: 512 MB
[2019.01.16-21.42.11:167][  0]LogDerivedDataCache: Loaded boot cache 0.06s 87MB C:/Users/u0802452/AppData/Local/UnrealEngine/4.20/DerivedDataCache/Boot.ddc.
[2019.01.16-21.42.11:167][  0]LogDerivedDataCache: Display: Loaded Boot cache: C:/Users/u0802452/AppData/Local/UnrealEngine/4.20/DerivedDataCache/Boot.ddc
[2019.01.16-21.42.11:167][  0]LogDerivedDataCache: FDerivedDataBackendGraph:  Pak pak cache file ../../../../../../Users/u0802452/Documents/GitHub/KA_whiteBoxInClass/DerivedDataCache/DDC.ddp not found, will not use a pak cache.
[2019.01.16-21.42.11:167][  0]LogDerivedDataCache: Unable to find inner node Pak for hierarchical cache Hierarchy.
[2019.01.16-21.42.11:167][  0]LogDerivedDataCache: FDerivedDataBackendGraph:  CompressedPak pak cache file ../../../../../../Users/u0802452/Documents/GitHub/KA_whiteBoxInClass/DerivedDataCache/Compressed.ddp not found, will not use a pak cache.
[2019.01.16-21.42.11:167][  0]LogDerivedDataCache: Unable to find inner node CompressedPak for hierarchical cache Hierarchy.
[2019.01.16-21.42.11:179][  0]LogDerivedDataCache: Display: Pak cache opened for reading ../../../Engine/DerivedDataCache/Compressed.ddp.
[2019.01.16-21.42.11:192][  0]LogDerivedDataCache: Using Local data cache path C:/Users/u0802452/AppData/Local/UnrealEngine/Common/DerivedDataCache: Writable
[2019.01.16-21.42.11:192][  0]LogDerivedDataCache: Shared data cache path not found in *engine.ini, will not use an Shared cache.
[2019.01.16-21.42.11:192][  0]LogDerivedDataCache: Unable to find inner node Shared for hierarchical cache Hierarchy.
[2019.01.16-21.42.11:207][  0]LogMaterial: Verifying Global Shaders for PCD3D_SM5
[2019.01.16-21.42.11:208][  0]LogSlate: Using FreeType 2.6.0
[2019.01.16-21.42.11:209][  0]LogSlate: SlateFontServices - WITH_FREETYPE: 1, WITH_HARFBUZZ: 1
[2019.01.16-21.42.11:273][  0]LogAssetRegistry: FAssetRegistry took 0.0255 seconds to start up
[2019.01.16-21.42.11:529][  0]LogInit: Selected Device Profile: [Windows]
[2019.01.16-21.42.11:638][  0]LogSimplygon: Simplygon DLL not present - disabling.
[2019.01.16-21.42.11:641][  0]LogMeshReduction: Using SimplygonSwarm for distributed automatic mesh merging
[2019.01.16-21.42.11:641][  0]LogMeshReduction: Using ProxyLODMeshReduction for automatic mesh merging
[2019.01.16-21.42.11:641][  0]LogMeshReduction: Using QuadricMeshReduction for automatic static mesh reduction
[2019.01.16-21.42.11:641][  0]LogMeshReduction: No automatic skeletal mesh reduction module available
[2019.01.16-21.42.11:657][  0]LogNetVersion: KA_whiteBoxInClass 1.0.0, NetCL: 4212847, EngineNetVer: 5, GameNetVer: 0 (Checksum: 2929727213)
[2019.01.16-21.42.12:100][  0]LogPackageLocalizationCache: Processed 11 localized package path(s) for 2 prioritized culture(s) in 0.082353 seconds
[2019.01.16-21.42.12:105][  0]LogUObjectArray: 38425 objects as part of root set at end of initial load.
[2019.01.16-21.42.12:105][  0]LogUObjectAllocator: 6690864 out of 0 bytes used by permanent object pool.
[2019.01.16-21.42.12:105][  0]LogUObjectArray: CloseDisregardForGC: 0/0 objects in disregard for GC pool
[2019.01.16-21.42.12:826][  0]LogTcpMessaging: Initializing TcpMessaging bridge
[2019.01.16-21.42.12:838][  0]LogUdpMessaging: Initializing bridge on interface 0.0.0.0:0 to multicast group 230.0.0.1:6666.
[2019.01.16-21.42.12:968][  0]SourceControl: Source control is disabled
[2019.01.16-21.42.12:968][  0]SourceControl: Source control is disabled
[2019.01.16-21.42.12:969][  0]SourceControl: Source control is disabled
[2019.01.16-21.42.12:970][  0]SourceControl: Source control is disabled
[2019.01.16-21.42.13:120][  0]LogAndroidPermission: UAndroidPermissionCallbackProxy::GetInstance
[2019.01.16-21.42.13:188][  0]LogOcInput: OculusInput pre-init called
[2019.01.16-21.42.13:239][  0]LogEngine: Initializing Engine...
[2019.01.16-21.42.13:239][  0]LogHMD: Failed to initialize OpenVR with code 110
[2019.01.16-21.42.13:240][  0]LogStats: UGameplayTagsManager::ConstructGameplayTagTree: ImportINI prefixes -  0.000 s
[2019.01.16-21.42.13:240][  0]LogStats: UGameplayTagsManager::ConstructGameplayTagTree: Construct from data asset -  0.000 s
[2019.01.16-21.42.13:241][  0]LogStats: UGameplayTagsManager::ConstructGameplayTagTree: ImportINI -  0.000 s
[2019.01.16-21.42.13:241][  0]LogStats: UGameplayTagsManager::ConstructGameplayTagTree: GameplayTagTreeChangedEvent.Broadcast -  0.000 s
[2019.01.16-21.42.13:426][  0]LogInit: Initializing FReadOnlyCVARCache
[2019.01.16-21.42.13:439][  0]LogAIModule: Creating AISystem for world Untitled
[2019.01.16-21.42.13:471][  0]LogInit: XAudio2 using '1 - CintiqPro24P (AMD High Definition Audio Device)' : 2 channels at 48 kHz using 16 bits per sample (channel mask 0x3)
[2019.01.16-21.42.13:495][  0]LogInit: FAudioDevice initialized.
[2019.01.16-21.42.13:495][  0]LogNetVersion: Set ProjectVersion to 1.0.0.0. Version Checksum will be recalculated on next use.
[2019.01.16-21.42.13:574][  0]LogDerivedDataCache: Saved boot cache 0.08s 71MB C:/Users/u0802452/AppData/Local/UnrealEngine/4.20/DerivedDataCache/Boot.ddc.
[2019.01.16-21.42.13:578][  0]LogInit: Texture streaming: Enabled
[2019.01.16-21.42.13:592][  0]LogEngineSessionManager: EngineSessionManager initialized
[2019.01.16-21.42.13:603][  0]LogInit: Transaction tracking system initialized
[2019.01.16-21.42.13:623][  0]BlueprintLog: New page: Editor Load
[2019.01.16-21.42.13:695][  0]LocalizationService: Localization service is disabled
[2019.01.16-21.42.13:939][  0]LogCook: Display: Max memory allowance for cook 16384mb min free memory 0mb
[2019.01.16-21.42.13:939][  0]LogCook: Display: Mobile HDR setting 1
[2019.01.16-21.42.13:939][  0]LogGameplayTags: Display: UGameplayTagsManager::DoneAddingNativeTags. DelegateIsBound: 0
[2019.01.16-21.42.13:939][  0]LogStats: UGameplayTagsManager::ConstructGameplayTagTree: ImportINI prefixes -  0.000 s
[2019.01.16-21.42.13:939][  0]LogStats: UGameplayTagsManager::ConstructGameplayTagTree: Construct from data asset -  0.000 s
[2019.01.16-21.42.13:939][  0]LogStats: UGameplayTagsManager::ConstructGameplayTagTree: ImportINI -  0.000 s
[2019.01.16-21.42.13:939][  0]LogStats: UGameplayTagsManager::ConstructGameplayTagTree: GameplayTagTreeChangedEvent.Broadcast -  0.000 s
[2019.01.16-21.42.14:051][  0]LogFileCache: Scanning file cache for directory 'C:/Users/u0802452/Documents/GitHub/KA_whiteBoxInClass/Content/' took 0.01s
[2019.01.16-21.42.14:051][  0]SourceControl: Source control is disabled
[2019.01.16-21.42.14:051][  0]Cmd: MAP LOAD FILE="../../../Engine/Content/Maps/Templates/Template_Default.umap" TEMPLATE=1 SHOWPROGRESS=1 FEATURELEVEL=3
[2019.01.16-21.42.14:052][  0]LightingResults: New page: Lighting Build
[2019.01.16-21.42.14:056][  0]MapCheck: New page: Map Check
[2019.01.16-21.42.14:056][  0]LightingResults: New page: Lighting Build
[2019.01.16-21.42.14:230][  0]LogAIModule: Creating AISystem for world Untitled_1
[2019.01.16-21.42.14:235][  0]LogEditorServer: Finished looking for orphan Actors (0.000 secs)
[2019.01.16-21.42.14:255][  0]Cmd: MAP CHECKDEP NOCLEARLOG
[2019.01.16-21.42.14:311][  0]MapCheck: Map check complete: 0 Error(s), 0 Warning(s), took 56.359ms to complete.
[2019.01.16-21.42.14:311][  0]LogFileHelpers: Loading map 'Template_Default' took 0.261
[2019.01.16-21.42.14:407][  0]LogSlate: Updating window title bar state: overlay mode, drag disabled, window buttons hidden, title bar hidden
[2019.01.16-21.42.14:414][  0]LogSlate: Updating window title bar state: overlay mode, drag disabled, window buttons hidden, title bar hidden
[2019.01.16-21.42.14:421][  0]LogSlate: Updating window title bar state: overlay mode, drag disabled, window buttons hidden, title bar hidden
[2019.01.16-21.42.14:427][  0]LogSlate: Updating window title bar state: overlay mode, drag disabled, window buttons hidden, title bar hidden
[2019.01.16-21.42.14:433][  0]LogCollectionManager: Loaded 0 collections in 0.001603 seconds
[2019.01.16-21.42.14:474][  0]LogFileCache: Scanning file cache for directory 'C:/Users/u0802452/Documents/GitHub/KA_whiteBoxInClass/Saved/Collections/' took 0.01s
[2019.01.16-21.42.14:474][  0]LogFileCache: Scanning file cache for directory 'C:/Users/u0802452/Documents/GitHub/KA_whiteBoxInClass/Content/Developers/u0802452/Collections/' took 0.01s
[2019.01.16-21.42.14:474][  0]LogFileCache: Scanning file cache for directory 'C:/Users/u0802452/Documents/GitHub/KA_whiteBoxInClass/Content/Collections/' took 0.01s
[2019.01.16-21.42.14:474][  0]LogCollectionManager: Rebuilt the GUID cache for 0 collections in 0.000001 seconds
[2019.01.16-21.42.14:481][  0]LogContentBrowser: Native class hierarchy populated in 0.0073 seconds. Added 2572 classes and 603 folders.
[2019.01.16-21.42.14:487][  0]LogContentBrowser: Native class hierarchy updated for 'WidgetCarousel' in 0.0002 seconds. Added 0 classes and 0 folders.
[2019.01.16-21.42.14:530][  0]LogContentBrowser: Native class hierarchy updated for 'AddContentDialog' in 0.0002 seconds. Added 0 classes and 0 folders.
[2019.01.16-21.42.14:535][  0]LogContentBrowser: Native class hierarchy updated for 'SceneOutliner' in 0.0002 seconds. Added 1 classes and 2 folders.
[2019.01.16-21.42.14:548][  0]LogSlate: Took 0.000186 seconds to synchronously load lazily loaded font '../../../Engine/Content/Slate/Fonts/Roboto-Regular.ttf' (155K)
[2019.01.16-21.42.14:550][  0]LogSlate: Took 0.000191 seconds to synchronously load lazily loaded font '../../../Engine/Content/Slate/Fonts/Roboto-Bold.ttf' (160K)
[2019.01.16-21.42.14:554][  0]LogSlate: Took 0.000197 seconds to synchronously load lazily loaded font '../../../Engine/Content/Editor/Slate/Fonts/FontAwesome.ttf' (139K)
[2019.01.16-21.42.14:622][  0]LogRenderer: Reallocating scene render targets to support 1208x576 Format 10 NumSamples 1 (Frame:1).
[2019.01.16-21.42.14:768][  0]LogContentBrowser: Native class hierarchy updated for 'HierarchicalLODOutliner' in 0.0002 seconds. Added 0 classes and 0 folders.
[2019.01.16-21.42.14:768][  0]LogLoad: (Engine Initialization) Total time: 7.27 seconds
[2019.01.16-21.42.14:768][  0]LogLoad: (Engine Initialization) Total Blueprint compile time: 0.00 seconds
[2019.01.16-21.42.14:778][  0]LogWindowsTextInputMethodSystem: Display: IME system now deactivated.
[2019.01.16-21.42.14:798][  0]LogContentStreaming: Texture pool size now 1000 MB
[2019.01.16-21.42.14:865][  1]LogAssetRegistry: Asset discovery search completed in 3.6135 seconds
[2019.01.16-21.42.14:866][  1]LogCollectionManager: Rebuilt the object cache for 0 collections in 0.000000 seconds (found 0 objects)
[2019.01.16-21.42.14:866][  1]LogCollectionManager: Fixed up redirectors for 0 collections in 0.000038 seconds (updated 0 objects)
[2019.01.16-21.42.18:016][373]LogSlate: FSceneViewport::OnFocusLost() reason 0
[2019.01.16-21.42.18:170][391]LogSlate: Took 0.000201 seconds to synchronously load lazily loaded font '../../../Engine/Content/Slate/Fonts/Roboto-Light.ttf' (167K)
[2019.01.16-21.42.18:376][391]LogAIModule: Creating AISystem for world KA_MyCity
[2019.01.16-21.42.18:446][391]LogAssetEditorManager: Opening Asset editor for World /Game/KA_MyCity.KA_MyCity
[2019.01.16-21.42.18:467][391]Cmd: MAP LOAD FILE="../../../../../../Users/u0802452/Documents/GitHub/KA_whiteBoxInClass/Content/KA_MyCity.umap" TEMPLATE=0 SHOWPROGRESS=1 FEATURELEVEL=3
[2019.01.16-21.42.18:467][391]LightingResults: New page: Lighting Build
[2019.01.16-21.42.18:468][391]LoadErrors: New page: Loading map: KA_MyCity.umap
[2019.01.16-21.42.18:468][391]MapCheck: New page: Map Check
[2019.01.16-21.42.18:468][391]LightingResults: New page: Lighting Build
[2019.01.16-21.42.18:500][391]LogEditorServer: Finished looking for orphan Actors (0.000 secs)
[2019.01.16-21.42.18:594][391]Cmd: MAP CHECKDEP NOCLEARLOG
[2019.01.16-21.42.18:655][391]MapCheck: Map check complete: 0 Error(s), 0 Warning(s), took 61.42ms to complete.
[2019.01.16-21.42.18:656][391]LogFileHelpers: Loading map 'KA_MyCity' took 0.190
[2019.01.16-21.42.20:010][501]LogEditorViewport: Clicking on Actor (LMB): StaticMeshActor (mann2)
[2019.01.16-21.42.47:621][772]LogSlate: FSceneViewport::OnFocusLost() reason 2
[2019.01.16-21.42.48:590][884]LogSlate: FSceneViewport::OnFocusLost() reason 2
[2019.01.16-21.42.48:666][884]Cmd: OBJ SAVEPACKAGE PACKAGE="/Game/KA_MyCity" FILE="../../../../../../Users/u0802452/Documents/GitHub/KA_whiteBoxInClass/Content/KA_MyCity.umap" SILENT=true AUTOSAVING=false KEEPDIRTY=false
[2019.01.16-21.42.49:461][884]LogSavePackage: Moving '../../../../../../Users/u0802452/Documents/GitHub/KA_whiteBoxInClass/Saved/KA_MyCity59F35FEA4303579634AD1EB2AEA78116.tmp' to '../../../../../../Users/u0802452/Documents/GitHub/KA_whiteBoxInClass/Content/KA_MyCity.umap'
[2019.01.16-21.42.49:491][884]LogFileHelpers: Saving map 'KA_MyCity' took 0.885
